git : remote: error: Trace: 2
11d0f65871a2b36c060beb6615fea
729c602da51f3ed8f30b8d1e416bf
8cdc8        
At line:1 char:1
+ git push origin 
feature/oop-interface > 
push.log 2>&1
+ ~~~~~~~~~~~~~~~~~~~~~~~~~~~
~~~~~~~~~~~~~~~~~~~~~~~~~~
    + CategoryInfo           
   : NotSpecified: (remote:  
   error: ...bf8cdc8         
   :String) [], RemoteExc    
eption
    + FullyQualifiedErrorId  
   : NativeCommandError
 
remote: error: See 
https://gh.io/lfs for more 
information.        
remote: error: File OUT.txt 
is 776.30 MB; this exceeds 
GitHub's file size limit of 
100.00 MB        
remote: error: GH001: Large 
files detected. You may want 
to try Git Large File 
Storage - 
https://git-lfs.github.com.  
      
To https://github.com/Sakshi1
3-05/Java-Core.git
 ! [remote rejected] 
feature/oop-interface -> 
feature/oop-interface 
(pre-receive hook declined)
error: failed to push some 
refs to 'https://github.com/S
akshi13-05/Java-Core.git'
